<?xml version="1.0" encoding="UTF-8"?>
<!-- Generated by org.testng.reporters.JUnitXMLReporter -->
<testsuite hostname="DESKTOP-CV8DESO" ignored="0" name="EndToEnd-Test" tests="1" failures="0" timestamp="2022-10-05T12:38:34 IST" time="0.223" errors="0">
  <testcase name="@BeforeMethod setup" time="0.099" classname="com.zerodha.TestCases.DashboardPageTest">
    <failure type="java.lang.IllegalStateException" message="The driver executable does not exist: D:\Akshay\Software Testing\Automation Testing\5 - Git &amp;amp; Git Hub\Downloaded_Zerodha_Practice_Project\Zerodha_Practice_Project\&amp;quot;D:\Akshay\Software Testing\Automation Testing\4 - Maven Project\2 - kite_Zerodha_TestStage\1 - src,main,java\4 - com.zerodha.resources\chromedriver.exe&amp;quot;">
      <![CDATA[java.lang.IllegalStateException: The driver executable does not exist: D:\Akshay\Software Testing\Automation Testing\5 - Git & Git Hub\Downloaded_Zerodha_Practice_Project\Zerodha_Practice_Project\"D:\Akshay\Software Testing\Automation Testing\4 - Maven Project\2 - kite_Zerodha_TestStage\1 - src,main,java\4 - com.zerodha.resources\chromedriver.exe"
at com.google.common.base.Preconditions.checkState(Preconditions.java:585)
at org.openqa.selenium.remote.service.DriverService.checkExecutable(DriverService.java:146)
at org.openqa.selenium.remote.service.DriverService.findExecutable(DriverService.java:141)
at org.openqa.selenium.chrome.ChromeDriverService.access$000(ChromeDriverService.java:35)
at org.openqa.selenium.chrome.ChromeDriverService$Builder.findDefaultExecutable(ChromeDriverService.java:159)
at org.openqa.selenium.remote.service.DriverService$Builder.build(DriverService.java:355)
at org.openqa.selenium.chrome.ChromeDriverService.createDefaultService(ChromeDriverService.java:94)
at org.openqa.selenium.chrome.ChromeDriver.<init>(ChromeDriver.java:123)
at com.zerodha.BasePack.TestBase.init(TestBase.java:26)
at com.zerodha.TestCases.DashboardPageTest.setup(DashboardPageTest.java:21)
at java.util.ArrayList.forEach(ArrayList.java:1259)
... Removed 31 stack frames]]>
    </failure>
  </testcase> <!-- @BeforeMethod setup -->
  <testcase name="@AfterMethod closeDashTest" time="-1.664953714563E9" classname="com.zerodha.TestCases.DashboardPageTest">
    <skipped/>
  </testcase> <!-- @AfterMethod closeDashTest -->
  <testcase name="validateBuyingFun" time="0.0" classname="com.zerodha.TestCases.DashboardPageTest">
    <skipped/>
  </testcase> <!-- validateBuyingFun -->
</testsuite> <!-- EndToEnd-Test -->
